d:\pulpit\cpp\quickselectinframe\quickselectinframe\x64\debug\vc142.pdb
d:\pulpit\cpp\quickselectinframe\quickselectinframe\x64\debug\.netframework,version=v4.6.1.assemblyattributes.obj
d:\pulpit\cpp\quickselectinframe\quickselectinframe\x64\debug\myform.obj
d:\pulpit\code offline\offline\git\projekt-ja\cpp\quickselectinframe\quickselectinframe\x64\debug\vc142.pdb
d:\pulpit\code offline\offline\git\projekt-ja\cpp\quickselectinframe\quickselectinframe\x64\debug\.netframework,version=v4.6.1.assemblyattributes.obj
d:\pulpit\code offline\offline\git\projekt-ja\cpp\quickselectinframe\quickselectinframe\x64\debug\myform.obj
d:\pulpit\cpp\quickselectinframe\x64\debug\quickselectinframe.exe
d:\pulpit\cpp\quickselectinframe\x64\debug\quickselectinframe.pdb
d:\pulpit\code offline\offline\git\projekt-ja\cpp\quickselectinframe\x64\debug\quickselectinframe.exe
d:\pulpit\code offline\offline\git\projekt-ja\cpp\quickselectinframe\x64\debug\quickselectinframe.pdb
d:\pulpit\cpp\quickselectinframe\quickselectinframe\x64\debug\quickselectinframe.myform.resources
d:\pulpit\code offline\offline\git\projekt-ja\cpp\quickselectinframe\quickselectinframe\x64\debug\quickselectinframe.myform.resources
d:\pulpit\code offline\offline\git\projekt-ja\cpp\quickselectinframe\quickselectinframe\x64\debug\quicksel.f49e9635.tlog\cl.command.1.tlog
d:\pulpit\code offline\offline\git\projekt-ja\cpp\quickselectinframe\quickselectinframe\x64\debug\quicksel.f49e9635.tlog\cl.read.1.tlog
d:\pulpit\code offline\offline\git\projekt-ja\cpp\quickselectinframe\quickselectinframe\x64\debug\quicksel.f49e9635.tlog\cl.write.1.tlog
d:\pulpit\code offline\offline\git\projekt-ja\cpp\quickselectinframe\quickselectinframe\x64\debug\quicksel.f49e9635.tlog\link.command.1.tlog
d:\pulpit\code offline\offline\git\projekt-ja\cpp\quickselectinframe\quickselectinframe\x64\debug\quicksel.f49e9635.tlog\link.read.1.tlog
d:\pulpit\code offline\offline\git\projekt-ja\cpp\quickselectinframe\quickselectinframe\x64\debug\quicksel.f49e9635.tlog\link.write.1.tlog
d:\pulpit\code offline\offline\git\projekt-ja\cpp\quickselectinframe\quickselectinframe\x64\debug\quicksel.f49e9635.tlog\metagen.read.1.tlog
d:\pulpit\code offline\offline\git\projekt-ja\cpp\quickselectinframe\quickselectinframe\x64\debug\quicksel.f49e9635.tlog\metagen.write.1.tlog
d:\pulpit\code offline\offline\git\projekt-ja\cpp\quickselectinframe\quickselectinframe\x64\debug\quicksel.f49e9635.tlog\quickselectinframe.write.1u.tlog
