d:\pulpit\cpp\quickselectasm\x64\debug\jalib.pch
d:\pulpit\cpp\quickselectasm\x64\debug\vc142.pdb
d:\pulpit\cpp\quickselectasm\x64\debug\vc142.idb
d:\pulpit\cpp\quickselectasm\x64\debug\pch.obj
d:\pulpit\cpp\quickselectasm\x64\debug\jalib.obj
d:\pulpit\cpp\quickselectasm\x64\debug\dllmain.obj
d:\pulpit\code offline\offline\git\projekt-ja\cpp\quickselectasm\x64\debug\jalib.pch
d:\pulpit\code offline\offline\git\projekt-ja\cpp\quickselectasm\x64\debug\vc142.pdb
d:\pulpit\code offline\offline\git\projekt-ja\cpp\quickselectasm\x64\debug\vc142.idb
d:\pulpit\code offline\offline\git\projekt-ja\cpp\quickselectasm\x64\debug\pch.obj
d:\pulpit\code offline\offline\git\projekt-ja\cpp\quickselectasm\x64\debug\jalib.obj
d:\pulpit\code offline\offline\git\projekt-ja\cpp\quickselectasm\x64\debug\dllmain.obj
d:\pulpit\cpp\quickselectinframe\x64\debug\jalib.dll
d:\pulpit\cpp\quickselectasm\x64\debug\jalib.ilk
d:\pulpit\cpp\quickselectinframe\x64\debug\jalib.pdb
d:\pulpit\code offline\offline\git\projekt-ja\cpp\quickselectinframe\x64\debug\jalib.dll
d:\pulpit\code offline\offline\git\projekt-ja\cpp\quickselectasm\x64\debug\jalib.ilk
d:\pulpit\code offline\offline\git\projekt-ja\cpp\quickselectinframe\x64\debug\jalib.pdb
d:\pulpit\code offline\offline\git\projekt-ja\cpp\quickselectasm\x64\debug\jamasm.obj
d:\pulpit\cpp\quickselectinframe\x64\debug\jalib.lib
d:\pulpit\cpp\quickselectinframe\x64\debug\jalib.exp
d:\pulpit\code offline\offline\git\projekt-ja\cpp\quickselectinframe\x64\debug\jalib.lib
d:\pulpit\code offline\offline\git\projekt-ja\cpp\quickselectinframe\x64\debug\jalib.exp
d:\pulpit\code offline\offline\git\projekt-ja\cpp\quickselectasm\x64\debug\quickselectasm.tlog\cl.command.1.tlog
d:\pulpit\code offline\offline\git\projekt-ja\cpp\quickselectasm\x64\debug\quickselectasm.tlog\cl.read.1.tlog
d:\pulpit\code offline\offline\git\projekt-ja\cpp\quickselectasm\x64\debug\quickselectasm.tlog\cl.write.1.tlog
d:\pulpit\code offline\offline\git\projekt-ja\cpp\quickselectasm\x64\debug\quickselectasm.tlog\link.command.1.tlog
d:\pulpit\code offline\offline\git\projekt-ja\cpp\quickselectasm\x64\debug\quickselectasm.tlog\link.read.1.tlog
d:\pulpit\code offline\offline\git\projekt-ja\cpp\quickselectasm\x64\debug\quickselectasm.tlog\link.write.1.tlog
d:\pulpit\code offline\offline\git\projekt-ja\cpp\quickselectasm\x64\debug\quickselectasm.tlog\masm.read.1u.tlog
d:\pulpit\code offline\offline\git\projekt-ja\cpp\quickselectasm\x64\debug\quickselectasm.tlog\masm.write.1u.tlog
d:\pulpit\code offline\offline\git\projekt-ja\cpp\quickselectasm\x64\debug\quickselectasm.tlog\quickselectasm.write.1u.tlog
