d:\pulpit\call asm from cpp\jalib\debug\jalib.pch
d:\pulpit\call asm from cpp\jalib\debug\vc142.pdb
d:\pulpit\call asm from cpp\jalib\debug\vc142.idb
d:\pulpit\call asm from cpp\jalib\debug\pch.obj
d:\pulpit\call asm from cpp\jalib\debug\jalib.obj
d:\pulpit\call asm from cpp\jalib\debug\dllmain.obj
d:\pulpit\code offline\offline\visual studio\ca\debug\jalib.lib
d:\pulpit\code offline\offline\visual studio\ca\debug\jalib.exp
d:\pulpit\code offline\offline\visual studio\call asm from cpp\debug\jalib.lib
d:\pulpit\code offline\offline\visual studio\call asm from cpp\debug\jalib.exp
d:\pulpit\call asm from cpp\debug\jalib.lib
d:\pulpit\call asm from cpp\debug\jalib.exp
d:\pulpit\call asm from cpp\debug\jalib.dll
d:\pulpit\call asm from cpp\jalib\debug\jalib.ilk
d:\pulpit\call asm from cpp\debug\jalib.pdb
d:\pulpit\call asm from cpp\jalib\debug\jamasm.obj
d:\pulpit\call asm from cpp\jalib\debug\jalib.tlog\cl.command.1.tlog
d:\pulpit\call asm from cpp\jalib\debug\jalib.tlog\cl.read.1.tlog
d:\pulpit\call asm from cpp\jalib\debug\jalib.tlog\cl.write.1.tlog
d:\pulpit\call asm from cpp\jalib\debug\jalib.tlog\jalib.write.1u.tlog
d:\pulpit\call asm from cpp\jalib\debug\jalib.tlog\link.command.1.tlog
d:\pulpit\call asm from cpp\jalib\debug\jalib.tlog\link.read.1.tlog
d:\pulpit\call asm from cpp\jalib\debug\jalib.tlog\link.write.1.tlog
d:\pulpit\call asm from cpp\jalib\debug\jalib.tlog\masm.read.1u.tlog
d:\pulpit\call asm from cpp\jalib\debug\jalib.tlog\masm.write.1u.tlog
